2025-09-28 13:01:52 | INFO | app | Predictions made | input={'category': 'Electronics', 'current_price': 1200.0, 'competitor_price': 1100.0, 'demand_level': 'High', 'season': 'Summer', 'day_of_week': 'Friday', 'stock': 50} | preds={'linear_regression': 315264.98}
2025-09-28 13:01:53 | INFO | app | Predictions made | input={'category': 'Electronics', 'current_price': 1200.0, 'competitor_price': 1100.0, 'demand_level': 'High', 'season': 'Summer', 'day_of_week': 'Friday', 'stock': 50} | preds={'linear_regression': 315264.98}
2025-09-28 13:02:10 | INFO | app | DynamicPricingSystem Flask app initialized
2025-09-28 13:02:11 | INFO | app | DynamicPricingSystem Flask app initialized
2025-09-28 13:02:13 | INFO | app | Predictions made | input={'category': 'Electronics', 'current_price': 1200.0, 'competitor_price': 1100.0, 'demand_level': 'High', 'season': 'Summer', 'day_of_week': 'Friday', 'stock': 50} | preds={'linear_regression': 315264.98}
2025-09-28 13:09:01 | INFO | app | Predictions made | input={'category': 'Electronics', 'current_price': 1200.0, 'competitor_price': 1100.0, 'demand_level': 'High', 'season': 'Summer', 'day_of_week': 'Friday', 'stock': 50} | preds={'linear_regression': 315264.98}
2025-09-28 13:32:02 | INFO | app | DynamicPricingSystem Flask app initialized
2025-09-28 13:32:03 | INFO | app | DynamicPricingSystem Flask app initialized
2025-09-28 13:32:19 | INFO | app | Predictions made | input={'category': 'Electronics', 'current_price': 1200.0, 'competitor_price': 1100.0, 'demand_level': 'High', 'season': 'Summer', 'day_of_week': 'Friday', 'stock': 50, 'display': 'usd'} | base_usd=315264.98 | mode=usd | display=$315,264.98
2025-09-28 13:32:28 | INFO | app | Predictions made | input={'category': 'Electronics', 'current_price': 1200.0, 'competitor_price': 1100.0, 'demand_level': 'High', 'season': 'Summer', 'day_of_week': 'Friday', 'stock': 50, 'display': 'words-intl'} | base_usd=315264.98 | mode=words-intl | display=three hundred fifteen thousand two hundred sixty-four and 98/100
2025-09-28 13:32:35 | INFO | app | Predictions made | input={'category': 'Electronics', 'current_price': 1200.0, 'competitor_price': 1100.0, 'demand_level': 'High', 'season': 'Summer', 'day_of_week': 'Friday', 'stock': 50, 'display': 'words-indian'} | base_usd=315264.98 | mode=words-indian | display=two crore sixty-one lakh sixty-six thousand nine hundred ninety-three and 02/100
2025-09-28 13:32:53 | INFO | app | Predictions made | input={'category': 'Electronics', 'current_price': 1200.0, 'competitor_price': 1100.0, 'demand_level': 'High', 'season': 'Summer', 'day_of_week': 'Friday', 'stock': 50, 'display': 'words-indian'} | base_usd=315264.98 | mode=words-indian | display=two crore sixty-one lakh sixty-six thousand nine hundred ninety-three and 02/100
2025-09-28 13:37:46 | INFO | app | Predictions made | input={'category': 'Electronics', 'current_price': 1200.0, 'competitor_price': 1100.0, 'demand_level': 'High', 'season': 'Summer', 'day_of_week': 'Friday', 'stock': 50, 'display': 'usd'} | base_usd=315264.98 | mode=usd | display=$315,264.98
2025-09-28 13:38:28 | INFO | app | Predictions made | input={'category': 'Electronics', 'current_price': 1200.0, 'competitor_price': 1100.0, 'demand_level': 'High', 'season': 'Summer', 'day_of_week': 'Friday', 'stock': 50, 'display': 'usd'} | base_usd=315264.98 | mode=usd | display=$315,264.98
2025-09-28 13:39:28 | INFO | app | Predictions made | input={'category': 'Electronics', 'current_price': 1200.0, 'competitor_price': 1100.0, 'demand_level': 'High', 'season': 'Summer', 'day_of_week': 'Friday', 'stock': 50, 'display': 'usd'} | base_usd=315264.98 | mode=usd | display=$315,264.98
2025-09-28 13:40:28 | INFO | app | Predictions made | input={'category': 'Electronics', 'current_price': 1200.0, 'competitor_price': 1100.0, 'demand_level': 'High', 'season': 'Summer', 'day_of_week': 'Friday', 'stock': 50, 'display': 'usd'} | base_usd=315264.98 | mode=usd | display=$315,264.98
2025-09-28 13:41:28 | INFO | app | Predictions made | input={'category': 'Electronics', 'current_price': 1200.0, 'competitor_price': 1100.0, 'demand_level': 'High', 'season': 'Summer', 'day_of_week': 'Friday', 'stock': 50, 'display': 'usd'} | base_usd=315264.98 | mode=usd | display=$315,264.98
2025-09-28 13:42:22 | INFO | app | Predictions made | input={'category': 'Electronics', 'current_price': 1200.0, 'competitor_price': 1100.0, 'demand_level': 'High', 'season': 'Summer', 'day_of_week': 'Friday', 'stock': 50, 'display': 'usd'} | base_usd=315264.98 | mode=usd | display=$315,264.98
2025-09-28 13:43:55 | INFO | app | Predictions made | input={'category': 'Electronics', 'current_price': 1200.0, 'competitor_price': 1100.0, 'demand_level': 'High', 'season': 'Summer', 'day_of_week': 'Friday', 'stock': 50, 'display': 'usd'} | base_usd=315264.98 | mode=usd | display=$315,264.98
2025-09-28 13:44:30 | INFO | app | Predictions made | input={'category': 'Electronics', 'current_price': 1200.0, 'competitor_price': 1100.0, 'demand_level': 'High', 'season': 'Summer', 'day_of_week': 'Friday', 'stock': 50, 'display': 'usd'} | base_usd=315264.98 | mode=usd | display=$315,264.98
2025-09-28 13:44:31 | INFO | app | Predictions made | input={'category': 'Electronics', 'current_price': 1200.0, 'competitor_price': 1100.0, 'demand_level': 'High', 'season': 'Summer', 'day_of_week': 'Friday', 'stock': 50, 'display': 'words-intl'} | base_usd=315264.98 | mode=words-intl | display=three hundred fifteen thousand two hundred sixty-four and 98/100
2025-09-28 13:44:45 | INFO | app | Predictions made | input={'category': 'Electronics', 'current_price': 1200.0, 'competitor_price': 1100.0, 'demand_level': 'High', 'season': 'Summer', 'day_of_week': 'Friday', 'stock': 50, 'display': 'words-intl'} | base_usd=315264.98 | mode=words-intl | display=three hundred fifteen thousand two hundred sixty-four and 98/100
2025-09-28 13:45:45 | INFO | app | Predictions made | input={'category': 'Electronics', 'current_price': 1200.0, 'competitor_price': 1100.0, 'demand_level': 'High', 'season': 'Summer', 'day_of_week': 'Friday', 'stock': 50, 'display': 'words-intl'} | base_usd=315264.98 | mode=words-intl | display=three hundred fifteen thousand two hundred sixty-four and 98/100
2025-09-28 13:46:45 | INFO | app | Predictions made | input={'category': 'Electronics', 'current_price': 1200.0, 'competitor_price': 1100.0, 'demand_level': 'High', 'season': 'Summer', 'day_of_week': 'Friday', 'stock': 50, 'display': 'words-intl'} | base_usd=315264.98 | mode=words-intl | display=three hundred fifteen thousand two hundred sixty-four and 98/100
2025-09-28 13:47:25 | INFO | app | Predictions made | input={'category': 'Electronics', 'current_price': 1200.0, 'competitor_price': 1100.0, 'demand_level': 'High', 'season': 'Summer', 'day_of_week': 'Friday', 'stock': 50, 'display': 'usd'} | base_usd=315264.98 | mode=usd | display=$315,264.98
2025-09-28 14:04:42 | INFO | app | Predictions made | input={'category': 'Electronics', 'current_price': 1200.0, 'competitor_price': 1100.0, 'demand_level': 'High', 'season': 'Summer', 'day_of_week': 'Friday', 'stock': 50, 'display': 'usd'} | base_usd=315264.98 | mode=usd | display=$315,264.98
2025-09-28 14:05:33 | INFO | app | Predictions made | input={'category': 'Electronics', 'current_price': 1200.0, 'competitor_price': 1100.0, 'demand_level': 'High', 'season': 'Summer', 'day_of_week': 'Friday', 'stock': 50, 'display': 'usd'} | base_usd=315264.98 | mode=usd | display=$315,264.98
2025-09-28 14:05:35 | INFO | app | Predictions made | input={'category': 'Electronics', 'current_price': 1200.0, 'competitor_price': 1100.0, 'demand_level': 'High', 'season': 'Summer', 'day_of_week': 'Friday', 'stock': 50, 'display': 'words-intl'} | base_usd=315264.98 | mode=words-intl | display=three hundred fifteen thousand two hundred sixty-four and 98/100
2025-09-28 14:06:16 | INFO | app | DynamicPricingSystem Flask app initialized
2025-09-28 14:06:32 | INFO | app | Predictions made | input={'category': 'Electronics', 'current_price': 1200.0, 'competitor_price': 1100.0, 'demand_level': 'High', 'season': 'Summer', 'day_of_week': 'Friday', 'stock': 50, 'display': 'words-intl'} | base_usd=315264.98 | mode=words-intl | display=three hundred fifteen thousand two hundred sixty-four and 98/100 | duration_ms=858.5
2025-09-28 14:07:31 | INFO | app | Predictions made | input={'category': 'Electronics', 'current_price': 1200.0, 'competitor_price': 1100.0, 'demand_level': 'High', 'season': 'Summer', 'day_of_week': 'Friday', 'stock': 50, 'display': 'words-intl'} | base_usd=315264.98 | mode=words-intl | display=three hundred fifteen thousand two hundred sixty-four and 98/100 | duration_ms=6.8
2025-09-28 14:07:50 | INFO | app | DynamicPricingSystem Flask app initialized
2025-09-28 14:07:51 | INFO | app | DynamicPricingSystem Flask app initialized
2025-09-28 14:08:07 | INFO | app | Predictions made | input={'category': 'Electronics', 'current_price': 1200.0, 'competitor_price': 1100.0, 'demand_level': 'High', 'season': 'Summer', 'day_of_week': 'Friday', 'stock': 50, 'display': 'usd'} | base_usd=315264.98 | mode=usd | display=$315,264.98 | duration_ms=912.8
2025-09-28 14:42:31 | INFO | app | DynamicPricingSystem Flask app initialized
2025-09-28 14:42:32 | INFO | app | DynamicPricingSystem Flask app initialized
2025-09-28 14:42:50 | INFO | app | Predictions made | input={'category': 'Electronics', 'current_price': 1200.0, 'competitor_price': 1100.0, 'demand_level': 'High', 'season': 'Summer', 'day_of_week': 'Friday', 'stock': 50, 'display': 'usd'} | base_usd=301430.86 | mode=usd | display=$301,430.86 | duration_ms=1768.4
2025-09-28 14:43:03 | INFO | app | Predictions made | input={'category': 'Electronics', 'current_price': 1200.0, 'competitor_price': 1100.0, 'demand_level': 'High', 'season': 'Summer', 'day_of_week': 'Friday', 'stock': 50, 'display': 'words-indian'} | base_usd=301430.86 | mode=words-indian | display=two crore fifty lakh eighteen thousand seven hundred sixty-one and 19/100 | duration_ms=5.5
2025-09-30 15:36:39 | INFO | app | DynamicPricingSystem Flask app initialized
2025-09-30 15:36:40 | INFO | app | DynamicPricingSystem Flask app initialized
2025-09-30 15:37:03 | INFO | app | Predictions made | input={'category': 'Electronics', 'current_price': 1200.0, 'competitor_price': 1100.0, 'demand_level': 'High', 'season': 'Summer', 'day_of_week': 'Friday', 'stock': 50, 'display': 'usd'} | base_usd=301430.86 | mode=usd | display=$301,430.86 | duration_ms=2520.7
2025-09-30 15:37:15 | INFO | app | Predictions made | input={'category': 'Electronics', 'current_price': 1200.0, 'competitor_price': 1100.0, 'demand_level': 'High', 'season': 'Summer', 'day_of_week': 'Friday', 'stock': 50, 'display': 'words-intl'} | base_usd=301430.86 | mode=words-intl | display=three hundred one thousand four hundred thirty and 86/100 | duration_ms=6.0
2025-09-30 15:37:17 | INFO | app | Predictions made | input={'category': 'Electronics', 'current_price': 1200.0, 'competitor_price': 1100.0, 'demand_level': 'High', 'season': 'Summer', 'day_of_week': 'Friday', 'stock': 50, 'display': 'words-indian'} | base_usd=301430.86 | mode=words-indian | display=two crore fifty lakh eighteen thousand seven hundred sixty-one and 19/100 | duration_ms=6.6
2025-09-30 15:37:33 | INFO | app | DynamicPricingSystem Flask app initialized
2025-09-30 15:37:34 | INFO | app | DynamicPricingSystem Flask app initialized
2025-10-01 10:31:59 | INFO | app | DynamicPricingSystem Flask app initialized
2025-10-01 10:32:00 | INFO | app | DynamicPricingSystem Flask app initialized
2025-10-01 10:32:57 | INFO | app | Predictions made | input={'category': 'Electronics', 'current_price': 1200.0, 'competitor_price': 1100.0, 'demand_level': 'High', 'season': 'Summer', 'day_of_week': 'Friday', 'stock': 50, 'display': 'usd'} | base_usd=301430.86 | mode=usd | display=$301,430.86 | duration_ms=2854.9
2025-10-01 10:33:05 | INFO | app | Predictions made | input={'category': 'Electronics', 'current_price': 1200.0, 'competitor_price': 1100.0, 'demand_level': 'High', 'season': 'Summer', 'day_of_week': 'Friday', 'stock': 50, 'display': 'usd'} | base_usd=301430.86 | mode=usd | display=$301,430.86 | duration_ms=6.1
2025-10-01 10:33:10 | INFO | app | Predictions made | input={'category': 'Electronics', 'current_price': 1200.0, 'competitor_price': 1100.0, 'demand_level': 'High', 'season': 'Summer', 'day_of_week': 'Friday', 'stock': 50, 'display': 'words-intl'} | base_usd=301430.86 | mode=words-intl | display=three hundred one thousand four hundred thirty and 86/100 | duration_ms=5.8
2025-10-01 12:25:03 | INFO | app | DynamicPricingSystem Flask app initialized
2025-10-01 12:25:03 | INFO | app | DynamicPricingSystem Flask app initialized
2025-10-01 12:25:45 | INFO | app | Predictions made | input={'category': 'Electronics', 'current_price': 1200.0, 'competitor_price': 1100.0, 'demand_level': 'High', 'season': 'Winter', 'day_of_week': 'Saturday', 'stock': 50, 'display': 'usd'} | base_usd=302948.74 | mode=usd | display=$302,948.74 | duration_ms=2565.7
2025-10-01 12:25:52 | INFO | app | Predictions made | input={'category': 'Electronics', 'current_price': 1200.0, 'competitor_price': 1100.0, 'demand_level': 'High', 'season': 'Winter', 'day_of_week': 'Saturday', 'stock': 50, 'display': 'words-intl'} | base_usd=302948.74 | mode=words-intl | display=three hundred two thousand nine hundred forty-eight and 74/100 | duration_ms=5.7
2025-10-01 12:25:57 | INFO | app | Predictions made | input={'category': 'Electronics', 'current_price': 1200.0, 'competitor_price': 1100.0, 'demand_level': 'High', 'season': 'Winter', 'day_of_week': 'Saturday', 'stock': 50, 'display': 'words-indian'} | base_usd=302948.74 | mode=words-indian | display=two crore fifty-one lakh forty-four thousand seven hundred forty-five and 56/100 | duration_ms=4.7
2025-10-01 12:26:06 | INFO | app | Predictions made | input={'category': 'Electronics', 'current_price': 1200.0, 'competitor_price': 1100.0, 'demand_level': 'High', 'season': 'Winter', 'day_of_week': 'Saturday', 'stock': 50, 'display': 'words-indian'} | base_usd=302948.74 | mode=words-indian | display=two crore fifty-one lakh forty-four thousand seven hundred forty-five and 56/100 | duration_ms=6.0
2025-10-01 12:27:06 | INFO | app | Predictions made | input={'category': 'Electronics', 'current_price': 1200.0, 'competitor_price': 1100.0, 'demand_level': 'High', 'season': 'Winter', 'day_of_week': 'Saturday', 'stock': 50, 'display': 'words-indian'} | base_usd=302948.74 | mode=words-indian | display=two crore fifty-one lakh forty-four thousand seven hundred forty-five and 56/100 | duration_ms=7.5
2025-10-01 12:28:06 | INFO | app | Predictions made | input={'category': 'Electronics', 'current_price': 1200.0, 'competitor_price': 1100.0, 'demand_level': 'High', 'season': 'Winter', 'day_of_week': 'Saturday', 'stock': 50, 'display': 'words-indian'} | base_usd=302948.74 | mode=words-indian | display=two crore fifty-one lakh forty-four thousand seven hundred forty-five and 56/100 | duration_ms=11.8
2025-10-01 12:29:06 | INFO | app | Predictions made | input={'category': 'Electronics', 'current_price': 1200.0, 'competitor_price': 1100.0, 'demand_level': 'High', 'season': 'Winter', 'day_of_week': 'Saturday', 'stock': 50, 'display': 'words-indian'} | base_usd=302948.74 | mode=words-indian | display=two crore fifty-one lakh forty-four thousand seven hundred forty-five and 56/100 | duration_ms=5.5
2025-10-01 12:30:06 | INFO | app | Predictions made | input={'category': 'Electronics', 'current_price': 1200.0, 'competitor_price': 1100.0, 'demand_level': 'High', 'season': 'Winter', 'day_of_week': 'Saturday', 'stock': 50, 'display': 'words-indian'} | base_usd=302948.74 | mode=words-indian | display=two crore fifty-one lakh forty-four thousand seven hundred forty-five and 56/100 | duration_ms=5.6
